<?xml version="1.0" encoding="UTF-8"?>
<testng-results ignored="0" total="1" passed="1" failed="0" skipped="0">
  <reporter-output>
  </reporter-output>
  <suite started-at="2022-06-30T00:35:07 IST" name="Default suite" finished-at="2022-06-30T00:35:25 IST" duration-ms="18447">
    <groups>
    </groups>
    <test started-at="2022-06-30T00:35:07 IST" name="Default test" finished-at="2022-06-30T00:35:25 IST" duration-ms="18447">
      <class name="Practice.Excel.PracticeOfReg">
        <test-method is-config="true" signature="Login()[pri:0, instance:Practice.Excel.PracticeOfReg@2ea41516]" started-at="2022-06-30T00:35:07 IST" name="Login" finished-at="2022-06-30T00:35:17 IST" duration-ms="10409" status="PASS">
          <reporter-output>
          </reporter-output>
        </test-method> <!-- Login -->
        <test-method signature="Log()[pri:0, instance:Practice.Excel.PracticeOfReg@2ea41516]" started-at="2022-06-30T00:35:17 IST" name="Log" finished-at="2022-06-30T00:35:25 IST" duration-ms="7900" status="PASS">
          <reporter-output>
          </reporter-output>
        </test-method> <!-- Log -->
      </class> <!-- Practice.Excel.PracticeOfReg -->
    </test> <!-- Default test -->
  </suite> <!-- Default suite -->
</testng-results>
